<?xml version="1.0" encoding="UTF-8"?>
<testng-results ignored="0" total="2" passed="2" failed="0" skipped="0">
  <reporter-output>
  </reporter-output>
  <suite started-at="2021-07-13T17:18:03 IST" name="Default suite" finished-at="2021-07-13T17:18:03 IST" duration-ms="63">
    <groups>
    </groups>
    <test started-at="2021-07-13T17:18:03 IST" name="Default test" finished-at="2021-07-13T17:18:03 IST" duration-ms="63">
      <class name="ui.LoginTest">
        <test-method is-config="true" signature="loginToApplication()[pri:0, instance:ui.LoginTest@4efc180e]" started-at="2021-07-13T17:18:03 IST" name="loginToApplication" finished-at="2021-07-13T17:18:03 IST" duration-ms="11" status="PASS">
          <reporter-output>
          </reporter-output>
        </test-method> <!-- loginToApplication -->
        <test-method is-config="true" signature="connectToDB()[pri:0, instance:ui.LoginTest@4efc180e]" started-at="2021-07-13T17:18:03 IST" name="connectToDB" finished-at="2021-07-13T17:18:03 IST" duration-ms="0" status="PASS">
          <reporter-output>
          </reporter-output>
        </test-method> <!-- connectToDB -->
        <test-method signature="aTest1()[pri:1, instance:ui.LoginTest@4efc180e]" started-at="2021-07-13T17:18:03 IST" name="aTest1" description="This is Login test" finished-at="2021-07-13T17:18:03 IST" duration-ms="7" status="PASS">
          <reporter-output>
          </reporter-output>
        </test-method> <!-- aTest1 -->
        <test-method is-config="true" signature="disConnectFromDB()[pri:0, instance:ui.LoginTest@4efc180e]" started-at="2021-07-13T17:18:03 IST" name="disConnectFromDB" finished-at="2021-07-13T17:18:03 IST" duration-ms="0" status="PASS">
          <reporter-output>
          </reporter-output>
        </test-method> <!-- disConnectFromDB -->
        <test-method is-config="true" signature="connectToDB()[pri:0, instance:ui.LoginTest@4efc180e]" started-at="2021-07-13T17:18:03 IST" name="connectToDB" finished-at="2021-07-13T17:18:03 IST" duration-ms="0" status="PASS">
          <reporter-output>
          </reporter-output>
        </test-method> <!-- connectToDB -->
        <test-method signature="aTest2()[pri:2, instance:ui.LoginTest@4efc180e]" started-at="2021-07-13T17:18:03 IST" name="aTest2" description="This is Logout test" finished-at="2021-07-13T17:18:03 IST" duration-ms="2" status="PASS">
          <reporter-output>
          </reporter-output>
        </test-method> <!-- aTest2 -->
        <test-method is-config="true" signature="disConnectFromDB()[pri:0, instance:ui.LoginTest@4efc180e]" started-at="2021-07-13T17:18:03 IST" name="disConnectFromDB" finished-at="2021-07-13T17:18:03 IST" duration-ms="1" status="PASS">
          <reporter-output>
          </reporter-output>
        </test-method> <!-- disConnectFromDB -->
        <test-method is-config="true" signature="logoutFromApplication()[pri:0, instance:ui.LoginTest@4efc180e]" started-at="2021-07-13T17:18:03 IST" name="logoutFromApplication" finished-at="2021-07-13T17:18:03 IST" duration-ms="0" status="PASS">
          <reporter-output>
          </reporter-output>
        </test-method> <!-- logoutFromApplication -->
      </class> <!-- ui.LoginTest -->
    </test> <!-- Default test -->
  </suite> <!-- Default suite -->
</testng-results>
